<?xml version="1.0" encoding="UTF-8"?>
<!-- Generated by org.testng.reporters.JUnitReportReporter -->
<testsuite hostname="LAPTOP-291O09F3" failures="0" tests="1" name="testPackage.TC_AddToCard_001_Test" time="9.571" errors="0" timestamp="2025-03-18T12:23:14 IST" skipped="0">
  <testcase classname="testPackage.TC_AddToCard_001_Test" name="addToCartMethod" time="9.571"/>
  <system-out/>
</testsuite> <!-- testPackage.TC_AddToCard_001_Test -->
