<?xml version="1.0" encoding="UTF-8"?>
<!-- Generated by org.testng.reporters.JUnitReportReporter -->
<testsuite hostname="LAPTOP-291O09F3" failures="0" tests="1" name="testPackage.TC_BuyProduct_003_Test" time="20.433" errors="0" timestamp="2025-03-21T11:16:15 IST" skipped="0">
  <testcase classname="testPackage.TC_BuyProduct_003_Test" name="buyProductMethod" time="20.433"/>
  <system-out/>
</testsuite> <!-- testPackage.TC_BuyProduct_003_Test -->
